<?xml version="1.0" encoding="UTF-8"?>
<testsuite xmlns:xsi="http://www.w3.org/2001/XMLSchema-instance" xsi:noNamespaceSchemaLocation="https://maven.apache.org/surefire/maven-surefire-plugin/xsd/surefire-test-report-3.0.xsd" version="3.0" name="com.BookReviewPla.customer.BookControllerTest" time="14.629" tests="1" errors="0" skipped="0" failures="0">
  <properties>
[...]
</properties>
  <testcase name="testCreateRunbook_NullCheck" classname="com.BookReviewPla.customer.BookControllerTest" time="1.505">
    <system-out><![CDATA[07:46:37.934 [main] INFO org.springframework.test.context.support.AnnotationConfigContextLoaderUtils -- Could not detect default configuration classes for test class [com.BookReviewPla.customer.BookControllerTest]: BookControllerTest does not declare any static, non-private, non-final, nested classes annotated with @Configuration.
07:46:38.219 [main] INFO org.springframework.boot.test.context.SpringBootTestContextBootstrapper -- Found @SpringBootConfiguration com.BookReviewPla.Main for test class com.BookReviewPla.customer.BookControllerTest

  .   ____          _            __ _ _
 /\\ / ___'_ __ _ _(_)_ __  __ _ \ \ \ \
( ( )\___ | '_ | '_| | '_ \/ _` | \ \ \ \
 \\/  ___)| |_)| | | | | || (_| |  ) ) ) )
  '  |____| .__|_| |_|_| |_\__, | / / / /
 =========|_|==============|___/=/_/_/_/
 :: Spring Boot ::                (v3.2.0)

2025-06-25T07:46:39.373+05:30  INFO 11248 --- [           main] c.B.customer.BookControllerTest          : Starting BookControllerTest using Java 17.0.12 with PID 11248 (started by mohan in C:\satish\workspaces\BookReviewProject\BookReview)
2025-06-25T07:46:39.377+05:30  INFO 11248 --- [           main] c.B.customer.BookControllerTest          : No active profile set, falling back to 1 default profile: "default"
2025-06-25T07:46:41.382+05:30  INFO 11248 --- [           main] .s.d.r.c.RepositoryConfigurationDelegate : Multiple Spring Data modules found, entering strict repository configuration mode
2025-06-25T07:46:41.386+05:30  INFO 11248 --- [           main] .s.d.r.c.RepositoryConfigurationDelegate : Bootstrapping Spring Data JDBC repositories in DEFAULT mode.
2025-06-25T07:46:41.463+05:30  INFO 11248 --- [           main] .RepositoryConfigurationExtensionSupport : Spring Data JDBC - Could not safely identify store assignment for repository candidate interface com.BookReviewPla.Repository.BookRepository; If you want this repository to be a JDBC repository, consider annotating your entities with one of these annotations: org.springframework.data.relational.core.mapping.Table.
2025-06-25T07:46:41.468+05:30  INFO 11248 --- [           main] .RepositoryConfigurationExtensionSupport : Spring Data JDBC - Could not safely identify store assignment for repository candidate interface com.BookReviewPla.Repository.ReviewRepository; If you want this repository to be a JDBC repository, consider annotating your entities with one of these annotations: org.springframework.data.relational.core.mapping.Table.
2025-06-25T07:46:41.472+05:30  INFO 11248 --- [           main] .RepositoryConfigurationExtensionSupport : Spring Data JDBC - Could not safely identify store assignment for repository candidate interface com.BookReviewPla.Repository.UserRepository; If you want this repository to be a JDBC repository, consider annotating your entities with one of these annotations: org.springframework.data.relational.core.mapping.Table.
2025-06-25T07:46:41.473+05:30  INFO 11248 --- [           main] .s.d.r.c.RepositoryConfigurationDelegate : Finished Spring Data repository scanning in 78 ms. Found 0 JDBC repository interfaces.
2025-06-25T07:46:41.496+05:30  INFO 11248 --- [           main] .s.d.r.c.RepositoryConfigurationDelegate : Multiple Spring Data modules found, entering strict repository configuration mode
2025-06-25T07:46:41.500+05:30  INFO 11248 --- [           main] .s.d.r.c.RepositoryConfigurationDelegate : Bootstrapping Spring Data JPA repositories in DEFAULT mode.
2025-06-25T07:46:41.587+05:30  INFO 11248 --- [           main] .s.d.r.c.RepositoryConfigurationDelegate : Finished Spring Data repository scanning in 70 ms. Found 3 JPA repository interfaces.
2025-06-25T07:46:42.551+05:30  INFO 11248 --- [           main] com.zaxxer.hikari.HikariDataSource       : HikariPool-1 - Starting...
2025-06-25T07:46:43.849+05:30  INFO 11248 --- [           main] com.zaxxer.hikari.pool.HikariPool        : HikariPool-1 - Added connection com.mysql.cj.jdbc.ConnectionImpl@6cdee57
2025-06-25T07:46:43.852+05:30  INFO 11248 --- [           main] com.zaxxer.hikari.HikariDataSource       : HikariPool-1 - Start completed.
2025-06-25T07:46:44.169+05:30  INFO 11248 --- [           main] o.f.c.internal.license.VersionPrinter    : Flyway Community Edition 9.22.3 by Redgate
2025-06-25T07:46:44.170+05:30  INFO 11248 --- [           main] o.f.c.internal.license.VersionPrinter    : See release notes here: https://rd.gt/416ObMi
2025-06-25T07:46:44.170+05:30  INFO 11248 --- [           main] o.f.c.internal.license.VersionPrinter    : 
2025-06-25T07:46:44.341+05:30  INFO 11248 --- [           main] org.flywaydb.core.FlywayExecutor         : Database: jdbc:mysql://localhost:3306/bookpra (MySQL 8.0)
2025-06-25T07:46:44.531+05:30  INFO 11248 --- [           main] o.f.core.internal.command.DbValidate     : Successfully validated 2 migrations (execution time 00:00.106s)
2025-06-25T07:46:44.561+05:30  INFO 11248 --- [           main] o.f.core.internal.command.DbMigrate      : Current version of schema `bookpra`: 2
2025-06-25T07:46:44.571+05:30  INFO 11248 --- [           main] o.f.core.internal.command.DbMigrate      : Schema `bookpra` is up to date. No migration necessary.
2025-06-25T07:46:44.881+05:30  INFO 11248 --- [           main] o.hibernate.jpa.internal.util.LogHelper  : HHH000204: Processing PersistenceUnitInfo [name: default]
2025-06-25T07:46:45.104+05:30  INFO 11248 --- [           main] org.hibernate.Version                    : HHH000412: Hibernate ORM core version 6.3.1.Final
2025-06-25T07:46:45.236+05:30  INFO 11248 --- [           main] o.h.c.internal.RegionFactoryInitiator    : HHH000026: Second-level cache disabled
2025-06-25T07:46:45.788+05:30  INFO 11248 --- [           main] o.s.o.j.p.SpringPersistenceUnitInfo      : No LoadTimeWeaver setup: ignoring JPA class transformer
2025-06-25T07:46:45.930+05:30  WARN 11248 --- [           main] org.hibernate.orm.deprecation            : HHH90000025: MySQL8Dialect does not need to be specified explicitly using 'hibernate.dialect' (remove the property setting and it will be selected by default)
2025-06-25T07:46:45.933+05:30  WARN 11248 --- [           main] org.hibernate.orm.deprecation            : HHH90000026: MySQL8Dialect has been deprecated; use org.hibernate.dialect.MySQLDialect instead
2025-06-25T07:46:47.760+05:30  INFO 11248 --- [           main] o.h.e.t.j.p.i.JtaPlatformInitiator       : HHH000489: No JTA platform available (set 'hibernate.transaction.jta.platform' to enable JTA platform integration)
2025-06-25T07:46:47.903+05:30  INFO 11248 --- [           main] j.LocalContainerEntityManagerFactoryBean : Initialized JPA EntityManagerFactory for persistence unit 'default'
2025-06-25T07:46:48.875+05:30  WARN 11248 --- [           main] JpaBaseConfiguration$JpaWebConfiguration : spring.jpa.open-in-view is enabled by default. Therefore, database queries may be performed during view rendering. Explicitly configure spring.jpa.open-in-view to disable this warning
2025-06-25T07:46:48.939+05:30  WARN 11248 --- [           main] .s.s.UserDetailsServiceAutoConfiguration : 

Using generated security password: 878855eb-4308-49e5-83f5-979552a1a25d

This generated password is for development use only. Your security configuration must be updated before running your application in production.

2025-06-25T07:46:49.565+05:30  INFO 11248 --- [           main] o.s.s.web.DefaultSecurityFilterChain     : Will secure any request with [org.springframework.security.web.session.DisableEncodeUrlFilter@5c450960, org.springframework.security.web.context.request.async.WebAsyncManagerIntegrationFilter@7c5fbde4, org.springframework.security.web.context.SecurityContextHolderFilter@5ab1107d, org.springframework.security.web.header.HeaderWriterFilter@ec67be1, org.springframework.web.filter.CorsFilter@7021bb55, org.springframework.security.web.authentication.logout.LogoutFilter@6c8f5262, org.springframework.security.web.savedrequest.RequestCacheAwareFilter@3aebdb4, org.springframework.security.web.servletapi.SecurityContextHolderAwareRequestFilter@4fd70118, org.springframework.security.web.authentication.AnonymousAuthenticationFilter@6023b54f, org.springframework.security.web.access.ExceptionTranslationFilter@3a0f5141, org.springframework.security.web.access.intercept.AuthorizationFilter@3652dd19]
2025-06-25T07:46:50.585+05:30  INFO 11248 --- [           main] o.s.b.t.m.w.SpringBootMockServletContext : Initializing Spring TestDispatcherServlet ''
2025-06-25T07:46:50.587+05:30  INFO 11248 --- [           main] o.s.t.web.servlet.TestDispatcherServlet  : Initializing Servlet ''
2025-06-25T07:46:50.590+05:30  INFO 11248 --- [           main] o.s.t.web.servlet.TestDispatcherServlet  : Completed initialization in 2 ms
2025-06-25T07:46:50.636+05:30  INFO 11248 --- [           main] c.B.customer.BookControllerTest          : Started BookControllerTest in 12.065 seconds (process running for 14.111)
]]></system-out>
  </testcase>
</testsuite>